Insertando valor: 50
Insertando valor: 30
Insertando valor: 20
Insertando valor: 40
Insertando valor: 70
Insertando valor: 60
Insertando valor: 80
Búsqueda de 40: ENCONTRADO
Insertando valor: 502025-09-09
Insertando valor: 302025-09-09
Insertando valor: 202025-09-09
Insertando valor: 402025-09-09
Insertando valor: 702025-09-09
Insertando valor: 602025-09-09
Insertando valor: 802025-09-09
Búsqueda de 40: ENCONTRADO2025-09-09
Insertando valor: 502025-09-09
Insertando valor: 302025-09-09
Insertando valor: 202025-09-09
Insertando valor: 402025-09-09
Insertando valor: 702025-09-09
Insertando valor: 602025-09-09
Insertando valor: 802025-09-09
Búsqueda de 40: ENCONTRADO2025-09-09
Insertando valor: 502025-09-09
Insertando valor: 302025-09-09
Insertando valor: 202025-09-09
Insertando valor: 402025-09-09
Insertando valor: 702025-09-09
Insertando valor: 602025-09-09
Insertando valor: 802025-09-09
Búsqueda de 40: ENCONTRADO2025-09-09
Insertando valor: 50 2025-09-09
Insertando valor: 30 2025-09-09
Insertando valor: 20 2025-09-09
Insertando valor: 40 2025-09-09
Insertando valor: 70 2025-09-09
Insertando valor: 60 2025-09-09
Insertando valor: 80 2025-09-09
Búsqueda de 40: ENCONTRADO 2025-09-09
